<?xml version="1.0" encoding="UTF-8"?>
<!-- Generated by org.testng.reporters.JUnitReportReporter -->
<testsuite hostname="DESKTOP-DU52B3D" failures="0" tests="3" name="com.sgtesting.tests.Users" time="0.016" errors="0" timestamp="2023-04-06T09:44:34 IST" skipped="0">
  <testcase classname="com.sgtesting.tests.Users" name="method2" time="0.002"/>
  <system-out/>
  <testcase classname="com.sgtesting.tests.Users" name="method3" time="0.001"/>
  <system-out/>
  <testcase classname="com.sgtesting.tests.Users" name="method1" time="0.013"/>
  <system-out/>
</testsuite> <!-- com.sgtesting.tests.Users -->
